#
# A fatal error has been detected by the Java Runtime Environment:
#
#  EXCEPTION_ACCESS_VIOLATION (0xc0000005) at pc=0x00007ff90c42be01, pid=13600, tid=492
#
# JRE version: OpenJDK Runtime Environment Temurin-23+37 (23.0+37) (build 23+37)
# Java VM: OpenJDK 64-Bit Server VM Temurin-23+37 (23+37, mixed mode, sharing, tiered, compressed oops, compressed class ptrs, g1 gc, windows-amd64)
# Problematic frame:
# C  [awt.dll+0xdbe01]
#
# No core dump will be written. Minidumps are not enabled by default on client versions of Windows
#
# If you would like to submit a bug report, please visit:
#   https://github.com/adoptium/adoptium-support/issues
# The crash happened outside the Java Virtual Machine in native code.
# See problematic frame for where to report the bug.
#

---------------  S U M M A R Y ------------

Command Line: -Dfile.encoding=UTF-8 -Dstdout.encoding=UTF-8 -Dstderr.encoding=UTF-8 -XX:+ShowCodeDetailsInExceptionMessages solitaire.SolitaireGame

Host: 12th Gen Intel(R) Core(TM) i5-1230U, 12 cores, 15G,  Windows 11 , 64 bit Build 26100 (10.0.26100.3775)
Time: Mon Apr 21 16:41:42 2025 Västra centralafrika, normaltid elapsed time: 4.954172 seconds (0d 0h 0m 4s)

---------------  T H R E A D  ---------------

Current thread (0x0000016d5c5ec450):  JavaThread "AWT-Windows" daemon [_thread_in_native, id=492, stack(0x0000004a25300000,0x0000004a25400000) (1024K)]

Stack: [0x0000004a25300000,0x0000004a25400000],  sp=0x0000004a253fe8c0,  free space=1018k
Native frames: (J=compiled Java code, j=interpreted, Vv=VM code, C=native code)
C  [awt.dll+0xdbe01]  (no source info available)
C  [awt.dll+0x978ac]  (no source info available)
C  [awt.dll+0x97956]  (no source info available)
C  [awt.dll+0x94d28]  (no source info available)
C  [awt.dll+0xe100c]  (no source info available)
C  [awt.dll+0xb0d8d]  (no source info available)
C  [awt.dll+0x97e8d]  (no source info available)
C  [USER32.dll+0xb643]  (no source info available)
C  [USER32.dll+0xaf5c]  (no source info available)
C  [awt.dll+0x161a3]  (no source info available)
C  [COMCTL32.dll+0x24d18]  (no source info available)
C  [COMCTL32.dll+0x24aef]  (no source info available)
C  [USER32.dll+0xb643]  (no source info available)
C  [USER32.dll+0x91cd]  (no source info available)
C  [awt.dll+0xd531e]  (no source info available)
C  [awt.dll+0xd7242]  (no source info available)
C  0x0000016d4c76d207  (no source info available)

The last pc belongs to native method entry point (kind = native) (printed below).
Java frames: (J=compiled Java code, j=interpreted, Vv=VM code)
j  sun.awt.windows.WToolkit.eventLoop()V+0 java.desktop@23
j  sun.awt.windows.WToolkit.run()V+50 java.desktop@23
j  java.lang.Thread.runWith(Ljava/lang/Object;Ljava/lang/Runnable;)V+5 java.base@23
j  java.lang.Thread.run()V+19 java.base@23
v  ~StubRoutines::call_stub 0x0000016d4c760fcd

siginfo: EXCEPTION_ACCESS_VIOLATION (0xc0000005), reading address 0x0000000000000008


Registers:
RAX=0x0000000000000000, RBX=0x0000016dab49c3a0, RCX=0x0000000000000000, RDX=0x0000000000000000
RSP=0x0000004a253fe8c0, RBP=0x0000004a253fe9c9, RSI=0xffffffffd2010d95, RDI=0x0000000000000000
R8 =0x0000000000000001, R9 =0x0000004a23a1a000, R10=0x0000000000000000, R11=0x0000000000000246
R12=0x0000000000000000, R13=0x0000000000000310, R14=0x0000000000000000, R15=0x0000000000000000
RIP=0x00007ff90c42be01, EFLAGS=0x0000000000010246


Register to memory mapping:

RAX=0x0 is null
RBX=0x0000016dab49c3a0 points into unknown readable memory: 0x0000016da8f53760 | 60 37 f5 a8 6d 01 00 00
RCX=0x0 is null
RDX=0x0 is null
RSP=0x0000004a253fe8c0 is pointing into the stack for thread: 0x0000016d5c5ec450
RBP=0x0000004a253fe9c9 is pointing into the stack for thread: 0x0000016d5c5ec450
RSI=0xffffffffd2010d95 is an unknown value
RDI=0x0 is null
R8 =0x0000000000000001 is an unknown value
R9 =0x0000004a23a1a000 points into unknown readable memory: 0x0000000000000000 | 00 00 00 00 00 00 00 00
R10=0x0 is null
R11=0x0000000000000246 is an unknown value
R12=0x0 is null
R13=0x0000000000000310 is an unknown value
R14=0x0 is null
R15=0x0 is null

Top of Stack: (sp=0x0000004a253fe8c0)
0x0000004a253fe8c0:   00007ff90c489838 ffffffffd2010d95
0x0000004a253fe8d0:   0000000000000000 0000000000000000
0x0000004a253fe8e0:   0000000000000000 00007ff90c3e78ac
0x0000004a253fe8f0:   ffffffffd2010d95 0000016da83c2eb0
0x0000004a253fe900:   0000016dab49c3a0 0000000000000000
0x0000004a253fe910:   0000000000000000 00007ff90c3e7956
0x0000004a253fe920:   0000016da83c2eb0 00007ff90c350000
0x0000004a253fe930:   0000000000000042 00007ff97707909f
0x0000004a253fe940:   0000000000000000 00007ff90c3e4d28
0x0000004a253fe950:   0000016da83c2eb0 0000000000000000
0x0000004a253fe960:   0000000000000000 0000000000000000
0x0000004a253fe970:   0000000000000000 0000000000000000
0x0000004a253fe980:   00007ff954a84a40 0000000000000000
0x0000004a253fe990:   0000000000000000 0000000000000000
0x0000004a253fe9a0:   0000000000000000 0000000000000000
0x0000004a253fe9b0:   000000000000c1fd 0000016d5c5ec810
0x0000004a253fe9c0:   0000016da83c2f50 0000016d3f61f3d0
0x0000004a253fe9d0:   0000000000000000 0000929d2678ac5f
0x0000004a253fe9e0:   00000000000f05ee 0000000000000000
0x0000004a253fe9f0:   0000000000000000 0000000000000000
0x0000004a253fea00:   0000000000000000 0000000000000310
0x0000004a253fea10:   0000000000000000 0000016da83c2eb0
0x0000004a253fea20:   0000016da83c2eb0 00007ff90c43100c
0x0000004a253fea30:   0000016d3f61f3d0 0000000000000000
0x0000004a253fea40:   0000000000000000 000000000000c1fd
0x0000004a253fea50:   0000000000000000 0000000000000001
0x0000004a253fea60:   0000000000000000 00007ff975238765
0x0000004a253fea70:   00000000000f05ee 0000016d3f61f3d0
0x0000004a253fea80:   00007ff90c4244a0 00007ff97707909f
0x0000004a253fea90:   00000000000f05ee 00007ff9752388ea
0x0000004a253feaa0:   ffffffffffffffeb 0000929d2678af3f
0x0000004a253feab0:   0000016d3f61f3d0 0000000000000000 

Instructions: (pc=0x00007ff90c42be01)
0x00007ff90c42bd01:   83 ec 28 66 0f 6e c2 0f 5b c0 f3 0f 59 41 48 0f
0x00007ff90c42bd11:   5a c8 f2 0f 10 05 cd 4e 03 00 f2 0f 5c 0d f5 4e
0x00007ff90c42bd21:   01 00 66 0f 2f c1 76 0a b8 00 00 00 80 48 83 c4
0x00007ff90c42bd31:   28 c3 66 0f 2f 0d 75 98 02 00 76 0a b8 ff ff ff
0x00007ff90c42bd41:   7f 48 83 c4 28 c3 0f 28 c1 e8 2f 0e 01 00 f2 0f
0x00007ff90c42bd51:   2c c0 48 83 c4 28 c3 cc cc cc cc cc cc cc cc 48
0x00007ff90c42bd61:   83 ec 28 66 0f 6e c2 0f 5b c0 f3 0f 59 41 4c 0f
0x00007ff90c42bd71:   5a c8 f2 0f 10 05 6d 4e 03 00 f2 0f 5c 0d 95 4e
0x00007ff90c42bd81:   01 00 66 0f 2f c1 76 0a b8 00 00 00 80 48 83 c4
0x00007ff90c42bd91:   28 c3 66 0f 2f 0d 15 98 02 00 76 0a b8 ff ff ff
0x00007ff90c42bda1:   7f 48 83 c4 28 c3 0f 28 c1 e8 cf 0d 01 00 f2 0f
0x00007ff90c42bdb1:   2c c0 48 83 c4 28 c3 cc cc cc cc cc cc cc cc 48
0x00007ff90c42bdc1:   8b 49 08 48 85 c9 0f 85 23 7d fe ff 33 c0 c3 48
0x00007ff90c42bdd1:   89 5c 24 08 48 89 74 24 10 57 48 83 ec 20 8b fa
0x00007ff90c42bde1:   48 8b f1 e8 f7 be f4 ff 48 8b d8 48 89 44 24 40
0x00007ff90c42bdf1:   41 b8 01 00 00 00 8b d7 48 8b c8 e8 4f be f4 ff
0x00007ff90c42be01:   48 8b 48 08 48 85 c9 74 0d 48 8b d6 e8 de 7c fe
0x00007ff90c42be11:   ff 48 8b f8 eb 02 33 ff 48 8b cb e8 7f c0 f4 ff
0x00007ff90c42be21:   90 48 8b c7 48 8b 5c 24 30 48 8b 74 24 38 48 83
0x00007ff90c42be31:   c4 20 5f c3 cc cc cc cc cc cc cc cc cc cc cc 48
0x00007ff90c42be41:   8b 01 89 10 c3 cc cc cc cc cc cc cc cc cc cc 40
0x00007ff90c42be51:   57 48 83 ec 40 48 83 79 38 00 48 8b f9 0f 84 96
0x00007ff90c42be61:   01 00 00 48 8b 0d b5 9f 06 00 ba 02 00 01 00 48
0x00007ff90c42be71:   89 5c 24 58 48 89 74 24 68 e8 40 d9 00 00 4c 8b
0x00007ff90c42be81:   05 12 a5 06 00 48 8b c8 48 8b 57 38 48 8b d8 4c
0x00007ff90c42be91:   8b 08 41 ff 91 f8 02 00 00 48 8b f0 48 85 c0 0f
0x00007ff90c42bea1:   84 4a 01 00 00 4c 8b 0b 48 8b d0 4c 8b 05 d5 a4
0x00007ff90c42beb1:   06 00 48 8b cb 41 ff 91 00 01 00 00 84 c0 0f 84
0x00007ff90c42bec1:   2b 01 00 00 48 8b 7f 08 48 8b d6 48 8b 03 48 8b
0x00007ff90c42bed1:   cb 4c 8b 05 c7 a4 06 00 48 81 c7 00 04 00 00 48
0x00007ff90c42bee1:   89 6c 24 60 4c 89 7c 24 20 ff 90 f8 02 00 00 4c
0x00007ff90c42bef1:   8b 0b 48 8b d6 4c 8b 05 ab a4 06 00 48 8b cb 4c 


Stack slot to memory mapping:

stack at sp + 0 slots: 0x00007ff90c489838 awt.dll
stack at sp + 1 slots: 0xffffffffd2010d95 is an unknown value
stack at sp + 2 slots: 0x0 is null
stack at sp + 3 slots: 0x0 is null
stack at sp + 4 slots: 0x0 is null
stack at sp + 5 slots: 0x00007ff90c3e78ac awt.dll
stack at sp + 6 slots: 0xffffffffd2010d95 is an unknown value
stack at sp + 7 slots: 0x0000016da83c2eb0 points into unknown readable memory: 0x00007ff90c45c870 | 70 c8 45 0c f9 7f 00 00

Lock stack of current Java thread (top to bottom):

native method entry point (kind = native)  [0x0000016d4c76cde0, 0x0000016d4c76d938]  2904 bytes
[MachCode]
  0x0000016d4c76cde0: 488b 4b08 | 0fb7 492e | 584c 8d74 | ccf8 6800 | 0000 0068 | 0000 0000 | 5055 488b | ec41 5568 
  0x0000016d4c76ce00: 0000 0000 | 4c8b 6b08 | 4d8d 6d38 | 5348 8b53 | 0848 8b52 | 0848 8b52 | 1848 8b52 | 7048 8b12 
  0x0000016d4c76ce20: 5248 8b53 | 1048 85d2 | 0f84 0700 | 0000 4881 | c210 0100 | 0052 488b | 5308 488b | 5208 488b 
  0x0000016d4c76ce40: 5210 5249 | 8bc6 482b | c548 c1e8 | 0350 6800 | 0000 0068 | f7ff ffff | 41c6 8771 | 0400 0001 
  0x0000016d4c76ce60: 488b 4310 | 4885 c074 | 208b 88cc | 0000 0083 | c102 8988 | cc00 0000 | 2388 e000 | 0000 0f84 
  0x0000016d4c76ce80: 000a 0000 | e9cf 0000 | 0048 8b43 | 1848 85c0 | 0f85 b000 | 0000 e805 | 0000 00e9 | 9900 0000 
  0x0000016d4c76cea0: 488b d348 | 8d44 2408 | 4c89 6dc0 | 498b cfc5 | f877 4989 | afb0 0300 | 0049 8987 | a003 0000 
  0x0000016d4c76cec0: 4883 ec20 | 40f6 c40f | 0f84 1900 | 0000 4883 | ec08 48b8 | 608d 8b0c | f97f 0000 | ffd0 4883 
  0x0000016d4c76cee0: c408 e90c | 0000 0048 | b860 8d8b | 0cf9 7f00 | 00ff d048 | 83c4 2049 | c787 a003 | 0000 0000 
  0x0000016d4c76cf00: 0000 49c7 | 87b0 0300 | 0000 0000 | 0049 c787 | a803 0000 | 0000 0000 | c5f8 7749 | 837f 0800 
  0x0000016d4c76cf20: 0f84 0500 | 0000 e995 | 3fff ff4c | 8b6d c04c | 8b75 c84e | 8d74 f500 | c348 8b43 | 1848 85c0 
  0x0000016d4c76cf40: 0f84 1200 | 0000 8b48 | 0883 c102 | 8948 0823 | 481c 0f84 | 2c09 0000 | 493b a7e8 | 0400 000f 
  0x0000016d4c76cf60: 8748 0000 | 0089 8424 | 00f0 ffff | 8984 2400 | e0ff ff89 | 8424 00d0 | ffff 8984 | 2400 c0ff 
  0x0000016d4c76cf80: ff89 8424 | 00b0 ffff | 8984 2400 | a0ff ff89 | 8424 0090 | ffff 8984 | 2400 80ff | ff49 3ba7 
  0x0000016d4c76cfa0: e004 0000 | 7607 4989 | a7e8 0400 | 0041 c687 | 7104 0000 | 0049 ba91 | 311a 0df9 | 7f00 0041 
  0x0000016d4c76cfc0: 803a 000f | 843e 0000 | 0048 8b55 | e849 8bcf | 4883 ec20 | 40f6 c40f | 0f84 1900 | 0000 4883 
  0x0000016d4c76cfe0: ec08 48b8 | 707e c30c | f97f 0000 | ffd0 4883 | c408 e90c | 0000 0048 | b870 7ec3 | 0cf9 7f00 
  0x0000016d4c76d000: 00ff d048 | 83c4 2048 | 8b5d e84c | 8b5b 0845 | 0fb7 5b2e | 41c1 e303 | 492b e348 | 83ec 2048 
  0x0000016d4c76d020: 83e4 f04c | 8b5b 604d | 85db 0f85 | ab00 0000 | e805 0000 | 00e9 9900 | 0000 488b | d348 8d44 
  0x0000016d4c76d040: 2408 4c89 | 6dc0 498b | cfc5 f877 | 4989 afb0 | 0300 0049 | 8987 a003 | 0000 4883 | ec20 40f6 
  0x0000016d4c76d060: c40f 0f84 | 1900 0000 | 4883 ec08 | 48b8 c0b4 | 8b0c f97f | 0000 ffd0 | 4883 c408 | e90c 0000 
  0x0000016d4c76d080: 0048 b8c0 | b48b 0cf9 | 7f00 00ff | d048 83c4 | 2049 c787 | a003 0000 | 0000 0000 | 49c7 87b0 
  0x0000016d4c76d0a0: 0300 0000 | 0000 0049 | c787 a803 | 0000 0000 | 0000 c5f8 | 7749 837f | 0800 0f84 | 0500 0000 
  0x0000016d4c76d0c0: e9fb 3dff | ff4c 8b6d | c04c 8b75 | c84e 8d74 | f500 c348 | 8b5d e84c | 8b5b 6041 | ffd3 488b 
  0x0000016d4c76d0e0: 5de8 4889 | 4518 448b | 5b28 41f6 | c308 0f84 | 1b00 0000 | 4c8b 5b08 | 4d8b 5b08 | 4d8b 5b18 
  0x0000016d4c76d100: 4d8b 5b70 | 4d8b 1b4c | 895d 1048 | 8d55 1048 | 8b43 5849 | bad0 cbc3 | 0cf9 7f00 | 0049 3bc2 
  0x0000016d4c76d120: 0f85 ab00 | 0000 e805 | 0000 00e9 | 9900 0000 | 488b d348 | 8d44 2408 | 4c89 6dc0 | 498b cfc5 
  0x0000016d4c76d140: f877 4989 | afb0 0300 | 0049 8987 | a003 0000 | 4883 ec20 | 40f6 c40f | 0f84 1900 | 0000 4883 
  0x0000016d4c76d160: ec08 48b8 | c0b4 8b0c | f97f 0000 | ffd0 4883 | c408 e90c | 0000 0048 | b8c0 b48b | 0cf9 7f00 
  0x0000016d4c76d180: 00ff d048 | 83c4 2049 | c787 a003 | 0000 0000 | 0000 49c7 | 87b0 0300 | 0000 0000 | 0049 c787 
  0x0000016d4c76d1a0: a803 0000 | 0000 0000 | c5f8 7749 | 837f 0800 | 0f84 0500 | 0000 e905 | 3dff ff4c | 8b6d c04c 
  0x0000016d4c76d1c0: 8b75 c84e | 8d74 f500 | c348 8b5d | e848 8b43 | 5849 8d8f | c003 0000 | c5f8 7749 | 89af b003 
  0x0000016d4c76d1e0: 0000 49ba | d8d1 764c | 6d01 0000 | 4d89 97a8 | 0300 0049 | 89a7 a003 | 0000 41c7 | 8744 0400 
  0x0000016d4c76d200: 0004 0000 | 00ff d0c5 | f877 4883 | ec10 c5fb | 1104 2448 | 83ec 1048 | 8904 2448 | c744 2408 
  0x0000016d4c76d220: 0000 0000 | 41c7 8744 | 0400 0005 | 0000 00f0 | 8344 24c0 | 0049 3baf | 4804 0000 | 0f87 0e00 
  0x0000016d4c76d240: 0000 4183 | bf40 0400 | 0000 0f84 | 2000 0000 | 498b cf4c | 8be4 4883 | ec20 4883 | e4f0 48b8 
  0x0000016d4c76d260: 6010 8d0c | f97f 0000 | ffd0 498b | e44d 33e4 | 41c7 8744 | 0400 0008 | 0000 0049 | c787 a003 
  0x0000016d4c76d280: 0000 0000 | 0000 49c7 | 87b0 0300 | 0000 0000 | 0049 c787 | a803 0000 | 0000 0000 | c5f8 774d 
  0x0000016d4c76d2a0: 8b9f 3004 | 0000 41c7 | 8300 0100 | 0000 0000 | 0049 bbda | a576 4c6d | 0100 004c | 3b5d 180f 
  0x0000016d4c76d2c0: 8524 0200 | 0048 8b04 | 2448 83c4 | 1048 85c0 | 0f84 fe01 | 0000 a803 | 0f85 0800 | 0000 488b 
  0x0000016d4c76d2e0: 00e9 ee01 | 0000 a801 | 0f85 0900 | 0000 488b | 40fe e9dd | 0100 0048 | 8b40 ff41 | 807f 3800 
  0x0000016d4c76d300: 0f84 ce01 | 0000 4883 | f800 0f84 | c401 0000 | 4d8b 5f28 | 4983 fb00 | 0f84 1400 | 0000 4983 
  0x0000016d4c76d320: eb08 4d89 | 5f28 4d03 | 5f30 4989 | 03e9 a201 | 0000 4881 | ecd0 0000 | 0048 8904 | 2448 894c 
  0x0000016d4c76d340: 2408 4889 | 5424 1048 | 8974 2418 | 4889 7c24 | 204c 8944 | 2428 4c89 | 4c24 304c | 8954 2438 
  0x0000016d4c76d360: 4c89 5c24 | 40c5 fb11 | 4424 50c5 | fb11 4c24 | 58c5 fb11 | 5424 60c5 | fb11 5c24 | 68c5 fb11 
  0x0000016d4c76d380: 6424 70c5 | fb11 6c24 | 78c5 fb11 | b424 8000 | 0000 c5fb | 11bc 2488 | 0000 00c5 | 7b11 8424 
  0x0000016d4c76d3a0: 9000 0000 | c57b 118c | 2498 0000 | 00c5 7b11 | 9424 a000 | 0000 c57b | 119c 24a8 | 0000 00c5 
  0x0000016d4c76d3c0: 7b11 a424 | b000 0000 | c57b 11ac | 24b8 0000 | 00c5 7b11 | b424 c000 | 0000 c57b | 11bc 24c8 
  0x0000016d4c76d3e0: 0000 0049 | 8bd7 488b | c848 83ec | 2040 f6c4 | 0f0f 8419 | 0000 0048 | 83ec 0848 | b8b0 7980 
  0x0000016d4c76d400: 0cf9 7f00 | 00ff d048 | 83c4 08e9 | 0c00 0000 | 48b8 b079 | 800c f97f | 0000 ffd0 | 4883 c420 
  0x0000016d4c76d420: c57b 10bc | 24c8 0000 | 00c5 7b10 | b424 c000 | 0000 c57b | 10ac 24b8 | 0000 00c5 | 7b10 a424 
  0x0000016d4c76d440: b000 0000 | c57b 109c | 24a8 0000 | 00c5 7b10 | 9424 a000 | 0000 c57b | 108c 2498 | 0000 00c5 
  0x0000016d4c76d460: 7b10 8424 | 9000 0000 | c5fb 10bc | 2488 0000 | 00c5 fb10 | b424 8000 | 0000 c5fb | 106c 2478 
  0x0000016d4c76d480: c5fb 1064 | 2470 c5fb | 105c 2468 | c5fb 1054 | 2460 c5fb | 104c 2458 | c5fb 1044 | 2450 4c8b 
  0x0000016d4c76d4a0: 5c24 404c | 8b54 2438 | 4c8b 4c24 | 304c 8b44 | 2428 488b | 7c24 2048 | 8b74 2418 | 488b 5424 
  0x0000016d4c76d4c0: 1048 8b4c | 2408 488b | 0424 4881 | c4d0 0000 | 00c5 f877 | 4889 4510 | 4883 ec10 | 4889 0424 
  0x0000016d4c76d4e0: 48c7 4424 | 0800 0000 | 0041 83bf | c804 0000 | 020f 85bf | 0000 0048 | 81ec 8000 | 0000 4889 
  0x0000016d4c76d500: 4424 7848 | 894c 2470 | 4889 5424 | 6848 895c | 2460 4889 | 6c24 5048 | 8974 2448 | 4889 7c24 
  0x0000016d4c76d520: 404c 8944 | 2438 4c89 | 4c24 304c | 8954 2428 | 4c89 5c24 | 204c 8964 | 2418 4c89 | 6c24 104c 
  0x0000016d4c76d540: 8974 2408 | 4c89 3c24 | 4c8b e448 | 83ec 2048 | 83e4 f048 | b840 b3c3 | 0cf9 7f00 | 00ff d049 
  0x0000016d4c76d560: 8be4 4c8b | 3c24 4c8b | 7424 084c | 8b6c 2410 | 4c8b 6424 | 184c 8b5c | 2420 4c8b | 5424 284c 
  0x0000016d4c76d580: 8b4c 2430 | 4c8b 4424 | 3848 8b7c | 2440 488b | 7424 4848 | 8b6c 2450 | 488b 5c24 | 6048 8b54 
  0x0000016d4c76d5a0: 2468 488b | 4c24 7048 | 8b44 2478 | 4881 c480 | 0000 004d | 33e4 488b | 5de8 4c8b | 6b08 4d8d 
  0x0000016d4c76d5c0: 6d38 4983 | 7f08 000f | 84bb 0000 | 00e8 0500 | 0000 e996 | 0000 0048 | 8d44 2408 | 4c89 6dc0 
  0x0000016d4c76d5e0: 498b cfc5 | f877 4989 | afb0 0300 | 0049 8987 | a003 0000 | 4883 ec20 | 40f6 c40f | 0f84 1900 
  0x0000016d4c76d600: 0000 4883 | ec08 48b8 | d0d2 8b0c | f97f 0000 | ffd0 4883 | c408 e90c | 0000 0048 | b8d0 d28b 
  0x0000016d4c76d620: 0cf9 7f00 | 00ff d048 | 83c4 2049 | c787 a003 | 0000 0000 | 0000 49c7 | 87b0 0300 | 0000 0000 
  0x0000016d4c76d640: 0049 c787 | a803 0000 | 0000 0000 | c5f8 7749 | 837f 0800 | 0f84 0500 | 0000 e961 | 38ff ff4c 
  0x0000016d4c76d660: 8b6d c04c | 8b75 c84e | 8d74 f500 | c348 b920 | 8ef0 0cf9 | 7f00 0048 | 83e4 f048 | b870 b3b1 
  0x0000016d4c76d680: 0cf9 7f00 | 00ff d0f4 | 448b 5b28 | 41f6 c320 | 0f84 7901 | 0000 488d | 55a8 4c8b | 5a08 4d85 
  0x0000016d4c76d6a0: db0f 85bb | 0000 00e8 | 0500 0000 | e996 0000 | 0048 8d44 | 2408 4c89 | 6dc0 498b | cfc5 f877 
  0x0000016d4c76d6c0: 4989 afb0 | 0300 0049 | 8987 a003 | 0000 4883 | ec20 40f6 | c40f 0f84 | 1900 0000 | 4883 ec08 
  0x0000016d4c76d6e0: 48b8 00d2 | 8b0c f97f | 0000 ffd0 | 4883 c408 | e90c 0000 | 0048 b800 | d28b 0cf9 | 7f00 00ff 
  0x0000016d4c76d700: d048 83c4 | 2049 c787 | a003 0000 | 0000 0000 | 49c7 87b0 | 0300 0000 | 0000 0049 | c787 a803 
  0x0000016d4c76d720: 0000 0000 | 0000 c5f8 | 7749 837f | 0800 0f84 | 0500 0000 | e987 37ff | ff4c 8b6d | c04c 8b75 
  0x0000016d4c76d740: c84e 8d74 | f500 c348 | b920 8ef0 | 0cf9 7f00 | 0048 83e4 | f048 b870 | b3b1 0cf9 | 7f00 00ff 
  0x0000016d4c76d760: d0f4 4c89 | 6dc0 4c8b | 4a08 48c7 | 4208 0000 | 0000 458b | 8718 0600 | 004f 3b4c | 07f8 0f85 
  0x0000016d4c76d780: 4900 0000 | 4183 af18 | 0600 0008 | 4f3b 4c07 | f00f 842a | 0000 0049 | 8b01 a802 | 0f85 1200 
  0x0000016d4c76d7a0: 0000 4c8b | c049 83c8 | 01f0 4d0f | b101 0f84 | 0d00 0000 | 4183 8718 | 0600 0008 | e90c 0000 
  0x0000016d4c76d7c0: 0049 ff8f | 5005 0000 | e93e 0000 | 004c 894a | 0848 8bca | 4883 ec20 | 40f6 c40f | 0f84 1900 
  0x0000016d4c76d7e0: 0000 4883 | ec08 48b8 | c0a4 8b0c | f97f 0000 | ffd0 4883 | c408 e90c | 0000 0048 | b8c0 a48b 
  0x0000016d4c76d800: 0cf9 7f00 | 00ff d048 | 83c4 204c | 8b6d c049 | ba91 311a | 0df9 7f00 | 0041 803a | 000f 843e 
  0x0000016d4c76d820: 0000 0048 | 8b55 e849 | 8bcf 4883 | ec20 40f6 | c40f 0f84 | 1900 0000 | 4883 ec08 | 48b8 707e 
  0x0000016d4c76d840: c30c f97f | 0000 ffd0 | 4883 c408 | e90c 0000 | 0048 b870 | 7ec3 0cf9 | 7f00 00ff | d048 83c4 
  0x0000016d4c76d860: 2048 8b04 | 2448 83c4 | 10c5 fb10 | 0424 4883 | c410 4c8b | 5d18 41ff | d34c 8b5d | f8c9 5f49 
  0x0000016d4c76d880: 8be3 ffe7 | ba00 0000 | 00e8 0500 | 0000 e996 | 0000 0048 | 8d44 2408 | 4c89 6dc0 | 498b cfc5 
  0x0000016d4c76d8a0: f877 4989 | afb0 0300 | 0049 8987 | a003 0000 | 4883 ec20 | 40f6 c40f | 0f84 1900 | 0000 4883 
  0x0000016d4c76d8c0: ec08 48b8 | 7098 8b0c | f97f 0000 | ffd0 4883 | c408 e90c | 0000 0048 | b870 988b | 0cf9 7f00 
  0x0000016d4c76d8e0: 00ff d048 | 83c4 2049 | c787 a003 | 0000 0000 | 0000 49c7 | 87b0 0300 | 0000 0000 | 0049 c787 
  0x0000016d4c76d900: a803 0000 | 0000 0000 | c5f8 7749 | 837f 0800 | 0f84 0500 | 0000 e9a5 | 35ff ff4c | 8b6d c04c 
  0x0000016d4c76d920: 8b75 c84e | 8d74 f500 | c348 8b5d | e8e9 26f6 | ffff 660f | 1f44 0000 
[/MachCode]

---------------  P R O C E S S  ---------------

Threads class SMR info:
_java_thread_list=0x0000016d5cf253e0, length=17, elements={
0x0000016d4138f840, 0x0000016d5bb08a60, 0x0000016d5bb096c0, 0x0000016d5bb0c360,
0x0000016d5bb0e160, 0x0000016d5bb0ef70, 0x0000016d5bb0fb00, 0x0000016d5bb10890,
0x0000016d5bb11340, 0x0000016d5c430b30, 0x0000016d5c4393e0, 0x0000016d5c5dbb40,
0x0000016d5c5eb9d0, 0x0000016d5c5ec450, 0x0000016d5c5f4530, 0x0000016d5c603d40,
0x0000016d5cf98a90
}

Java Threads: ( => current thread )
  0x0000016d4138f840 JavaThread "main"                              [_thread_blocked, id=14524, stack(0x0000004a23f00000,0x0000004a24000000) (1024K)]
  0x0000016d5bb08a60 JavaThread "Reference Handler"          daemon [_thread_blocked, id=11560, stack(0x0000004a24700000,0x0000004a24800000) (1024K)]
  0x0000016d5bb096c0 JavaThread "Finalizer"                  daemon [_thread_blocked, id=14560, stack(0x0000004a24800000,0x0000004a24900000) (1024K)]
  0x0000016d5bb0c360 JavaThread "Signal Dispatcher"          daemon [_thread_blocked, id=13868, stack(0x0000004a24900000,0x0000004a24a00000) (1024K)]
  0x0000016d5bb0e160 JavaThread "Attach Listener"            daemon [_thread_blocked, id=13556, stack(0x0000004a24a00000,0x0000004a24b00000) (1024K)]
  0x0000016d5bb0ef70 JavaThread "Service Thread"             daemon [_thread_blocked, id=13448, stack(0x0000004a24b00000,0x0000004a24c00000) (1024K)]
  0x0000016d5bb0fb00 JavaThread "Monitor Deflation Thread"   daemon [_thread_blocked, id=14928, stack(0x0000004a24c00000,0x0000004a24d00000) (1024K)]
  0x0000016d5bb10890 JavaThread "C2 CompilerThread0"         daemon [_thread_blocked, id=8856, stack(0x0000004a24d00000,0x0000004a24e00000) (1024K)]
  0x0000016d5bb11340 JavaThread "C1 CompilerThread0"         daemon [_thread_blocked, id=17480, stack(0x0000004a24e00000,0x0000004a24f00000) (1024K)]
  0x0000016d5c430b30 JavaThread "Notification Thread"        daemon [_thread_blocked, id=5644, stack(0x0000004a24f00000,0x0000004a25000000) (1024K)]
  0x0000016d5c4393e0 JavaThread "Common-Cleaner"             daemon [_thread_blocked, id=2208, stack(0x0000004a25000000,0x0000004a25100000) (1024K)]
  0x0000016d5c5dbb40 JavaThread "Java2D Disposer"            daemon [_thread_blocked, id=15016, stack(0x0000004a25100000,0x0000004a25200000) (1024K)]
  0x0000016d5c5eb9d0 JavaThread "AWT-Shutdown"                      [_thread_blocked, id=17444, stack(0x0000004a25200000,0x0000004a25300000) (1024K)]
=>0x0000016d5c5ec450 JavaThread "AWT-Windows"                daemon [_thread_in_native, id=492, stack(0x0000004a25300000,0x0000004a25400000) (1024K)]
  0x0000016d5c5f4530 JavaThread "AWT-EventQueue-0"                  [_thread_in_native, id=8720, stack(0x0000004a25400000,0x0000004a25500000) (1024K)]
  0x0000016d5c603d40 JavaThread "Java2D Queue Flusher"       daemon [_thread_blocked, id=4028, stack(0x0000004a25500000,0x0000004a25600000) (1024K)]
  0x0000016d5cf98a90 JavaThread "Image Fetcher 0"            daemon [_thread_blocked, id=7588, stack(0x0000004a25900000,0x0000004a25a00000) (1024K)]
Total: 17

Other Threads:
  0x0000016d5baee5a0 VMThread "VM Thread"                           [id=9828, stack(0x0000004a24600000,0x0000004a24700000) (1024K)]
  0x0000016d5bad9940 WatcherThread "VM Periodic Task Thread"        [id=13704, stack(0x0000004a24500000,0x0000004a24600000) (1024K)]
  0x0000016d413f21f0 WorkerThread "GC Thread#0"                     [id=15096, stack(0x0000004a24000000,0x0000004a24100000) (1024K)]
  0x0000016d41406b70 ConcurrentGCThread "G1 Main Marker"            [id=14276, stack(0x0000004a24100000,0x0000004a24200000) (1024K)]
  0x0000016d41407680 WorkerThread "G1 Conc#0"                       [id=1896, stack(0x0000004a24200000,0x0000004a24300000) (1024K)]
  0x0000016d5b9ab040 ConcurrentGCThread "G1 Refine#0"               [id=2064, stack(0x0000004a24300000,0x0000004a24400000) (1024K)]
  0x0000016d5b9ac880 ConcurrentGCThread "G1 Service"                [id=14164, stack(0x0000004a24400000,0x0000004a24500000) (1024K)]
Total: 7

Threads with active compile tasks:
Total: 0

VM state: not at safepoint (normal execution)

VM Mutex/Monitor currently owned by a thread: None

Heap address: 0x0000000705600000, size: 4010 MB, Compressed Oops mode: Zero based, Oop shift amount: 3

CDS archive(s) mapped at: [0x0000016d5d000000-0x0000016d5dd70000-0x0000016d5dd70000), size 14090240, SharedBaseAddress: 0x0000016d5d000000, ArchiveRelocationMode: 1.
Compressed class space mapped at: 0x0000016d5e000000-0x0000016d9e000000, reserved size: 1073741824
Narrow klass base: 0x0000016d5d000000, Narrow klass shift: 0, Narrow klass range: 0x41000000

GC Precious Log:
 CardTable entry size: 512
 Card Set container configuration: InlinePtr #cards 4 size 8 Array Of Cards #cards 16 size 48 Howl #buckets 8 coarsen threshold 3686 Howl Bitmap #cards 512 size 80 coarsen threshold 460 Card regions per heap region 1 cards per card region 4096
 CPUs: 12 total, 12 available
 Memory: 16032M
 Large Page Support: Disabled
 NUMA Support: Disabled
 Compressed Oops: Enabled (Zero based)
 Heap Region Size: 2M
 Heap Min Capacity: 8M
 Heap Initial Capacity: 252M
 Heap Max Capacity: 4010M
 Pre-touch: Disabled
 Parallel Workers: 10
 Concurrent Workers: 3
 Concurrent Refinement Workers: 10
 Periodic GC: Disabled

Heap:
 garbage-first heap   total reserved 4106240K, committed 258048K, used 22528K [0x0000000705600000, 0x0000000800000000)
  region size 2048K, 9 young (18432K), 0 survivors (0K)
 Metaspace       used 7012K, committed 7232K, reserved 1114112K
  class space    used 732K, committed 832K, reserved 1048576K

Heap Regions: E=young(eden), S=young(survivor), O=old, HS=humongous(starts), HC=humongous(continues), CS=collection set, F=free, TAMS=top-at-mark-start, PB=parsable bottom
|   0|0x0000000705600000, 0x0000000705800000, 0x0000000705800000|100%|HS|  |TAMS 0x0000000705600000| PB 0x0000000705600000| Complete |  0
|   1|0x0000000705800000, 0x0000000705a00000, 0x0000000705a00000|100%|HS|  |TAMS 0x0000000705800000| PB 0x0000000705800000| Complete |  0
|   2|0x0000000705a00000, 0x0000000705c00000, 0x0000000705c00000|100%|HS|  |TAMS 0x0000000705a00000| PB 0x0000000705a00000| Complete |  0
|   3|0x0000000705c00000, 0x0000000705c00000, 0x0000000705e00000|  0%| F|  |TAMS 0x0000000705c00000| PB 0x0000000705c00000| Untracked |  0
|   4|0x0000000705e00000, 0x0000000705e00000, 0x0000000706000000|  0%| F|  |TAMS 0x0000000705e00000| PB 0x0000000705e00000| Untracked |  0
|   5|0x0000000706000000, 0x0000000706000000, 0x0000000706200000|  0%| F|  |TAMS 0x0000000706000000| PB 0x0000000706000000| Untracked |  0
|   6|0x0000000706200000, 0x0000000706200000, 0x0000000706400000|  0%| F|  |TAMS 0x0000000706200000| PB 0x0000000706200000| Untracked |  0
|   7|0x0000000706400000, 0x0000000706400000, 0x0000000706600000|  0%| F|  |TAMS 0x0000000706400000| PB 0x0000000706400000| Untracked |  0
|   8|0x0000000706600000, 0x0000000706600000, 0x0000000706800000|  0%| F|  |TAMS 0x0000000706600000| PB 0x0000000706600000| Untracked |  0
|   9|0x0000000706800000, 0x0000000706800000, 0x0000000706a00000|  0%| F|  |TAMS 0x0000000706800000| PB 0x0000000706800000| Untracked |  0
|  10|0x0000000706a00000, 0x0000000706a00000, 0x0000000706c00000|  0%| F|  |TAMS 0x0000000706a00000| PB 0x0000000706a00000| Untracked |  0
|  11|0x0000000706c00000, 0x0000000706c00000, 0x0000000706e00000|  0%| F|  |TAMS 0x0000000706c00000| PB 0x0000000706c00000| Untracked |  0
|  12|0x0000000706e00000, 0x0000000706e00000, 0x0000000707000000|  0%| F|  |TAMS 0x0000000706e00000| PB 0x0000000706e00000| Untracked |  0
|  13|0x0000000707000000, 0x0000000707000000, 0x0000000707200000|  0%| F|  |TAMS 0x0000000707000000| PB 0x0000000707000000| Untracked |  0
|  14|0x0000000707200000, 0x0000000707200000, 0x0000000707400000|  0%| F|  |TAMS 0x0000000707200000| PB 0x0000000707200000| Untracked |  0
|  15|0x0000000707400000, 0x0000000707400000, 0x0000000707600000|  0%| F|  |TAMS 0x0000000707400000| PB 0x0000000707400000| Untracked |  0
|  16|0x0000000707600000, 0x0000000707600000, 0x0000000707800000|  0%| F|  |TAMS 0x0000000707600000| PB 0x0000000707600000| Untracked |  0
|  17|0x0000000707800000, 0x0000000707800000, 0x0000000707a00000|  0%| F|  |TAMS 0x0000000707800000| PB 0x0000000707800000| Untracked |  0
|  18|0x0000000707a00000, 0x0000000707a00000, 0x0000000707c00000|  0%| F|  |TAMS 0x0000000707a00000| PB 0x0000000707a00000| Untracked |  0
|  19|0x0000000707c00000, 0x0000000707c00000, 0x0000000707e00000|  0%| F|  |TAMS 0x0000000707c00000| PB 0x0000000707c00000| Untracked |  0
|  20|0x0000000707e00000, 0x0000000707e00000, 0x0000000708000000|  0%| F|  |TAMS 0x0000000707e00000| PB 0x0000000707e00000| Untracked |  0
|  21|0x0000000708000000, 0x0000000708000000, 0x0000000708200000|  0%| F|  |TAMS 0x0000000708000000| PB 0x0000000708000000| Untracked |  0
|  22|0x0000000708200000, 0x0000000708200000, 0x0000000708400000|  0%| F|  |TAMS 0x0000000708200000| PB 0x0000000708200000| Untracked |  0
|  23|0x0000000708400000, 0x0000000708400000, 0x0000000708600000|  0%| F|  |TAMS 0x0000000708400000| PB 0x0000000708400000| Untracked |  0
|  24|0x0000000708600000, 0x0000000708600000, 0x0000000708800000|  0%| F|  |TAMS 0x0000000708600000| PB 0x0000000708600000| Untracked |  0
|  25|0x0000000708800000, 0x0000000708800000, 0x0000000708a00000|  0%| F|  |TAMS 0x0000000708800000| PB 0x0000000708800000| Untracked |  0
|  26|0x0000000708a00000, 0x0000000708a00000, 0x0000000708c00000|  0%| F|  |TAMS 0x0000000708a00000| PB 0x0000000708a00000| Untracked |  0
|  27|0x0000000708c00000, 0x0000000708c00000, 0x0000000708e00000|  0%| F|  |TAMS 0x0000000708c00000| PB 0x0000000708c00000| Untracked |  0
|  28|0x0000000708e00000, 0x0000000708e00000, 0x0000000709000000|  0%| F|  |TAMS 0x0000000708e00000| PB 0x0000000708e00000| Untracked |  0
|  29|0x0000000709000000, 0x0000000709000000, 0x0000000709200000|  0%| F|  |TAMS 0x0000000709000000| PB 0x0000000709000000| Untracked |  0
|  30|0x0000000709200000, 0x0000000709200000, 0x0000000709400000|  0%| F|  |TAMS 0x0000000709200000| PB 0x0000000709200000| Untracked |  0
|  31|0x0000000709400000, 0x0000000709400000, 0x0000000709600000|  0%| F|  |TAMS 0x0000000709400000| PB 0x0000000709400000| Untracked |  0
|  32|0x0000000709600000, 0x0000000709600000, 0x0000000709800000|  0%| F|  |TAMS 0x0000000709600000| PB 0x0000000709600000| Untracked |  0
|  33|0x0000000709800000, 0x0000000709800000, 0x0000000709a00000|  0%| F|  |TAMS 0x0000000709800000| PB 0x0000000709800000| Untracked |  0
|  34|0x0000000709a00000, 0x0000000709a00000, 0x0000000709c00000|  0%| F|  |TAMS 0x0000000709a00000| PB 0x0000000709a00000| Untracked |  0
|  35|0x0000000709c00000, 0x0000000709c00000, 0x0000000709e00000|  0%| F|  |TAMS 0x0000000709c00000| PB 0x0000000709c00000| Untracked |  0
|  36|0x0000000709e00000, 0x0000000709e00000, 0x000000070a000000|  0%| F|  |TAMS 0x0000000709e00000| PB 0x0000000709e00000| Untracked |  0
|  37|0x000000070a000000, 0x000000070a000000, 0x000000070a200000|  0%| F|  |TAMS 0x000000070a000000| PB 0x000000070a000000| Untracked |  0
|  38|0x000000070a200000, 0x000000070a200000, 0x000000070a400000|  0%| F|  |TAMS 0x000000070a200000| PB 0x000000070a200000| Untracked |  0
|  39|0x000000070a400000, 0x000000070a400000, 0x000000070a600000|  0%| F|  |TAMS 0x000000070a400000| PB 0x000000070a400000| Untracked |  0
|  40|0x000000070a600000, 0x000000070a600000, 0x000000070a800000|  0%| F|  |TAMS 0x000000070a600000| PB 0x000000070a600000| Untracked |  0
|  41|0x000000070a800000, 0x000000070a800000, 0x000000070aa00000|  0%| F|  |TAMS 0x000000070a800000| PB 0x000000070a800000| Untracked |  0
|  42|0x000000070aa00000, 0x000000070aa00000, 0x000000070ac00000|  0%| F|  |TAMS 0x000000070aa00000| PB 0x000000070aa00000| Untracked |  0
|  43|0x000000070ac00000, 0x000000070ac00000, 0x000000070ae00000|  0%| F|  |TAMS 0x000000070ac00000| PB 0x000000070ac00000| Untracked |  0
|  44|0x000000070ae00000, 0x000000070ae00000, 0x000000070b000000|  0%| F|  |TAMS 0x000000070ae00000| PB 0x000000070ae00000| Untracked |  0
|  45|0x000000070b000000, 0x000000070b000000, 0x000000070b200000|  0%| F|  |TAMS 0x000000070b000000| PB 0x000000070b000000| Untracked |  0
|  46|0x000000070b200000, 0x000000070b200000, 0x000000070b400000|  0%| F|  |TAMS 0x000000070b200000| PB 0x000000070b200000| Untracked |  0
|  47|0x000000070b400000, 0x000000070b400000, 0x000000070b600000|  0%| F|  |TAMS 0x000000070b400000| PB 0x000000070b400000| Untracked |  0
|  48|0x000000070b600000, 0x000000070b600000, 0x000000070b800000|  0%| F|  |TAMS 0x000000070b600000| PB 0x000000070b600000| Untracked |  0
|  49|0x000000070b800000, 0x000000070b800000, 0x000000070ba00000|  0%| F|  |TAMS 0x000000070b800000| PB 0x000000070b800000| Untracked |  0
|  50|0x000000070ba00000, 0x000000070ba00000, 0x000000070bc00000|  0%| F|  |TAMS 0x000000070ba00000| PB 0x000000070ba00000| Untracked |  0
|  51|0x000000070bc00000, 0x000000070bc00000, 0x000000070be00000|  0%| F|  |TAMS 0x000000070bc00000| PB 0x000000070bc00000| Untracked |  0
|  52|0x000000070be00000, 0x000000070be00000, 0x000000070c000000|  0%| F|  |TAMS 0x000000070be00000| PB 0x000000070be00000| Untracked |  0
|  53|0x000000070c000000, 0x000000070c000000, 0x000000070c200000|  0%| F|  |TAMS 0x000000070c000000| PB 0x000000070c000000| Untracked |  0
|  54|0x000000070c200000, 0x000000070c200000, 0x000000070c400000|  0%| F|  |TAMS 0x000000070c200000| PB 0x000000070c200000| Untracked |  0
|  55|0x000000070c400000, 0x000000070c400000, 0x000000070c600000|  0%| F|  |TAMS 0x000000070c400000| PB 0x000000070c400000| Untracked |  0
|  56|0x000000070c600000, 0x000000070c600000, 0x000000070c800000|  0%| F|  |TAMS 0x000000070c600000| PB 0x000000070c600000| Untracked |  0
|  57|0x000000070c800000, 0x000000070c800000, 0x000000070ca00000|  0%| F|  |TAMS 0x000000070c800000| PB 0x000000070c800000| Untracked |  0
|  58|0x000000070ca00000, 0x000000070ca00000, 0x000000070cc00000|  0%| F|  |TAMS 0x000000070ca00000| PB 0x000000070ca00000| Untracked |  0
|  59|0x000000070cc00000, 0x000000070cc00000, 0x000000070ce00000|  0%| F|  |TAMS 0x000000070cc00000| PB 0x000000070cc00000| Untracked |  0
|  60|0x000000070ce00000, 0x000000070ce00000, 0x000000070d000000|  0%| F|  |TAMS 0x000000070ce00000| PB 0x000000070ce00000| Untracked |  0
|  61|0x000000070d000000, 0x000000070d000000, 0x000000070d200000|  0%| F|  |TAMS 0x000000070d000000| PB 0x000000070d000000| Untracked |  0
|  62|0x000000070d200000, 0x000000070d200000, 0x000000070d400000|  0%| F|  |TAMS 0x000000070d200000| PB 0x000000070d200000| Untracked |  0
|  63|0x000000070d400000, 0x000000070d400000, 0x000000070d600000|  0%| F|  |TAMS 0x000000070d400000| PB 0x000000070d400000| Untracked |  0
|  64|0x000000070d600000, 0x000000070d600000, 0x000000070d800000|  0%| F|  |TAMS 0x000000070d600000| PB 0x000000070d600000| Untracked |  0
|  65|0x000000070d800000, 0x000000070d800000, 0x000000070da00000|  0%| F|  |TAMS 0x000000070d800000| PB 0x000000070d800000| Untracked |  0
|  66|0x000000070da00000, 0x000000070da00000, 0x000000070dc00000|  0%| F|  |TAMS 0x000000070da00000| PB 0x000000070da00000| Untracked |  0
|  67|0x000000070dc00000, 0x000000070dc00000, 0x000000070de00000|  0%| F|  |TAMS 0x000000070dc00000| PB 0x000000070dc00000| Untracked |  0
|  68|0x000000070de00000, 0x000000070de00000, 0x000000070e000000|  0%| F|  |TAMS 0x000000070de00000| PB 0x000000070de00000| Untracked |  0
|  69|0x000000070e000000, 0x000000070e000000, 0x000000070e200000|  0%| F|  |TAMS 0x000000070e000000| PB 0x000000070e000000| Untracked |  0
|  70|0x000000070e200000, 0x000000070e200000, 0x000000070e400000|  0%| F|  |TAMS 0x000000070e200000| PB 0x000000070e200000| Untracked |  0
|  71|0x000000070e400000, 0x000000070e400000, 0x000000070e600000|  0%| F|  |TAMS 0x000000070e400000| PB 0x000000070e400000| Untracked |  0
|  72|0x000000070e600000, 0x000000070e600000, 0x000000070e800000|  0%| F|  |TAMS 0x000000070e600000| PB 0x000000070e600000| Untracked |  0
|  73|0x000000070e800000, 0x000000070e800000, 0x000000070ea00000|  0%| F|  |TAMS 0x000000070e800000| PB 0x000000070e800000| Untracked |  0
|  74|0x000000070ea00000, 0x000000070ea00000, 0x000000070ec00000|  0%| F|  |TAMS 0x000000070ea00000| PB 0x000000070ea00000| Untracked |  0
|  75|0x000000070ec00000, 0x000000070ec00000, 0x000000070ee00000|  0%| F|  |TAMS 0x000000070ec00000| PB 0x000000070ec00000| Untracked |  0
|  76|0x000000070ee00000, 0x000000070ee00000, 0x000000070f000000|  0%| F|  |TAMS 0x000000070ee00000| PB 0x000000070ee00000| Untracked |  0
|  77|0x000000070f000000, 0x000000070f000000, 0x000000070f200000|  0%| F|  |TAMS 0x000000070f000000| PB 0x000000070f000000| Untracked |  0
|  78|0x000000070f200000, 0x000000070f200000, 0x000000070f400000|  0%| F|  |TAMS 0x000000070f200000| PB 0x000000070f200000| Untracked |  0
|  79|0x000000070f400000, 0x000000070f400000, 0x000000070f600000|  0%| F|  |TAMS 0x000000070f400000| PB 0x000000070f400000| Untracked |  0
|  80|0x000000070f600000, 0x000000070f600000, 0x000000070f800000|  0%| F|  |TAMS 0x000000070f600000| PB 0x000000070f600000| Untracked |  0
|  81|0x000000070f800000, 0x000000070f800000, 0x000000070fa00000|  0%| F|  |TAMS 0x000000070f800000| PB 0x000000070f800000| Untracked |  0
|  82|0x000000070fa00000, 0x000000070fa00000, 0x000000070fc00000|  0%| F|  |TAMS 0x000000070fa00000| PB 0x000000070fa00000| Untracked |  0
|  83|0x000000070fc00000, 0x000000070fc00000, 0x000000070fe00000|  0%| F|  |TAMS 0x000000070fc00000| PB 0x000000070fc00000| Untracked |  0
|  84|0x000000070fe00000, 0x000000070fe00000, 0x0000000710000000|  0%| F|  |TAMS 0x000000070fe00000| PB 0x000000070fe00000| Untracked |  0
|  85|0x0000000710000000, 0x0000000710000000, 0x0000000710200000|  0%| F|  |TAMS 0x0000000710000000| PB 0x0000000710000000| Untracked |  0
|  86|0x0000000710200000, 0x0000000710200000, 0x0000000710400000|  0%| F|  |TAMS 0x0000000710200000| PB 0x0000000710200000| Untracked |  0
|  87|0x0000000710400000, 0x0000000710400000, 0x0000000710600000|  0%| F|  |TAMS 0x0000000710400000| PB 0x0000000710400000| Untracked |  0
|  88|0x0000000710600000, 0x0000000710600000, 0x0000000710800000|  0%| F|  |TAMS 0x0000000710600000| PB 0x0000000710600000| Untracked |  0
|  89|0x0000000710800000, 0x0000000710800000, 0x0000000710a00000|  0%| F|  |TAMS 0x0000000710800000| PB 0x0000000710800000| Untracked |  0
|  90|0x0000000710a00000, 0x0000000710a00000, 0x0000000710c00000|  0%| F|  |TAMS 0x0000000710a00000| PB 0x0000000710a00000| Untracked |  0
|  91|0x0000000710c00000, 0x0000000710c00000, 0x0000000710e00000|  0%| F|  |TAMS 0x0000000710c00000| PB 0x0000000710c00000| Untracked |  0
|  92|0x0000000710e00000, 0x0000000710e00000, 0x0000000711000000|  0%| F|  |TAMS 0x0000000710e00000| PB 0x0000000710e00000| Untracked |  0
|  93|0x0000000711000000, 0x0000000711000000, 0x0000000711200000|  0%| F|  |TAMS 0x0000000711000000| PB 0x0000000711000000| Untracked |  0
|  94|0x0000000711200000, 0x0000000711200000, 0x0000000711400000|  0%| F|  |TAMS 0x0000000711200000| PB 0x0000000711200000| Untracked |  0
|  95|0x0000000711400000, 0x0000000711400000, 0x0000000711600000|  0%| F|  |TAMS 0x0000000711400000| PB 0x0000000711400000| Untracked |  0
|  96|0x0000000711600000, 0x0000000711600000, 0x0000000711800000|  0%| F|  |TAMS 0x0000000711600000| PB 0x0000000711600000| Untracked |  0
|  97|0x0000000711800000, 0x0000000711800000, 0x0000000711a00000|  0%| F|  |TAMS 0x0000000711800000| PB 0x0000000711800000| Untracked |  0
|  98|0x0000000711a00000, 0x0000000711a00000, 0x0000000711c00000|  0%| F|  |TAMS 0x0000000711a00000| PB 0x0000000711a00000| Untracked |  0
|  99|0x0000000711c00000, 0x0000000711c00000, 0x0000000711e00000|  0%| F|  |TAMS 0x0000000711c00000| PB 0x0000000711c00000| Untracked |  0
| 100|0x0000000711e00000, 0x0000000711e00000, 0x0000000712000000|  0%| F|  |TAMS 0x0000000711e00000| PB 0x0000000711e00000| Untracked |  0
| 101|0x0000000712000000, 0x0000000712000000, 0x0000000712200000|  0%| F|  |TAMS 0x0000000712000000| PB 0x0000000712000000| Untracked |  0
| 102|0x0000000712200000, 0x0000000712200000, 0x0000000712400000|  0%| F|  |TAMS 0x0000000712200000| PB 0x0000000712200000| Untracked |  0
| 103|0x0000000712400000, 0x0000000712400000, 0x0000000712600000|  0%| F|  |TAMS 0x0000000712400000| PB 0x0000000712400000| Untracked |  0
| 104|0x0000000712600000, 0x0000000712600000, 0x0000000712800000|  0%| F|  |TAMS 0x0000000712600000| PB 0x0000000712600000| Untracked |  0
| 105|0x0000000712800000, 0x0000000712800000, 0x0000000712a00000|  0%| F|  |TAMS 0x0000000712800000| PB 0x0000000712800000| Untracked |  0
| 106|0x0000000712a00000, 0x0000000712a00000, 0x0000000712c00000|  0%| F|  |TAMS 0x0000000712a00000| PB 0x0000000712a00000| Untracked |  0
| 107|0x0000000712c00000, 0x0000000712c00000, 0x0000000712e00000|  0%| F|  |TAMS 0x0000000712c00000| PB 0x0000000712c00000| Untracked |  0
| 108|0x0000000712e00000, 0x0000000712e00000, 0x0000000713000000|  0%| F|  |TAMS 0x0000000712e00000| PB 0x0000000712e00000| Untracked |  0
| 109|0x0000000713000000, 0x0000000713000000, 0x0000000713200000|  0%| F|  |TAMS 0x0000000713000000| PB 0x0000000713000000| Untracked |  0
| 110|0x0000000713200000, 0x0000000713200000, 0x0000000713400000|  0%| F|  |TAMS 0x0000000713200000| PB 0x0000000713200000| Untracked |  0
| 111|0x0000000713400000, 0x0000000713400000, 0x0000000713600000|  0%| F|  |TAMS 0x0000000713400000| PB 0x0000000713400000| Untracked |  0
| 112|0x0000000713600000, 0x0000000713600000, 0x0000000713800000|  0%| F|  |TAMS 0x0000000713600000| PB 0x0000000713600000| Untracked |  0
| 113|0x0000000713800000, 0x0000000713800000, 0x0000000713a00000|  0%| F|  |TAMS 0x0000000713800000| PB 0x0000000713800000| Untracked |  0
| 114|0x0000000713a00000, 0x0000000713a00000, 0x0000000713c00000|  0%| F|  |TAMS 0x0000000713a00000| PB 0x0000000713a00000| Untracked |  0
| 115|0x0000000713c00000, 0x0000000713c00000, 0x0000000713e00000|  0%| F|  |TAMS 0x0000000713c00000| PB 0x0000000713c00000| Untracked |  0
| 116|0x0000000713e00000, 0x0000000713e00000, 0x0000000714000000|  0%| F|  |TAMS 0x0000000713e00000| PB 0x0000000713e00000| Untracked |  0
| 117|0x0000000714000000, 0x0000000714173ce8, 0x0000000714200000| 72%| E|  |TAMS 0x0000000714000000| PB 0x0000000714000000| Complete |  0
| 118|0x0000000714200000, 0x0000000714400000, 0x0000000714400000|100%| E|CS|TAMS 0x0000000714200000| PB 0x0000000714200000| Complete |  0
| 119|0x0000000714400000, 0x0000000714600000, 0x0000000714600000|100%| E|CS|TAMS 0x0000000714400000| PB 0x0000000714400000| Complete |  0
| 120|0x0000000714600000, 0x0000000714800000, 0x0000000714800000|100%| E|CS|TAMS 0x0000000714600000| PB 0x0000000714600000| Complete |  0
| 121|0x0000000714800000, 0x0000000714a00000, 0x0000000714a00000|100%| E|CS|TAMS 0x0000000714800000| PB 0x0000000714800000| Complete |  0
| 122|0x0000000714a00000, 0x0000000714c00000, 0x0000000714c00000|100%| E|CS|TAMS 0x0000000714a00000| PB 0x0000000714a00000| Complete |  0
| 123|0x0000000714c00000, 0x0000000714e00000, 0x0000000714e00000|100%| E|CS|TAMS 0x0000000714c00000| PB 0x0000000714c00000| Complete |  0
| 124|0x0000000714e00000, 0x0000000715000000, 0x0000000715000000|100%| E|CS|TAMS 0x0000000714e00000| PB 0x0000000714e00000| Complete |  0
| 125|0x0000000715000000, 0x0000000715200000, 0x0000000715200000|100%| E|CS|TAMS 0x0000000715000000| PB 0x0000000715000000| Complete |  0

Card table byte_map: [0x0000016d54f60000,0x0000016d55740000] _byte_map_base: 0x0000016d51735000

Marking Bits: (CMBitMap*) 0x0000016d413f2900
 Bits: [0x0000016d55740000, 0x0000016d595e8000)

Polling page: 0x0000016d3ef80000

Metaspace:

Usage:
  Non-class:      6.13 MB used.
      Class:    732.02 KB used.
       Both:      6.85 MB used.

Virtual space:
  Non-class space:       64.00 MB reserved,       6.25 MB ( 10%) committed,  1 nodes.
      Class space:        1.00 GB reserved,     832.00 KB ( <1%) committed,  1 nodes.
             Both:        1.06 GB reserved,       7.06 MB ( <1%) committed. 

Chunk freelists:
   Non-Class:  9.00 MB
       Class:  15.23 MB
        Both:  24.23 MB

MaxMetaspaceSize: unlimited
CompressedClassSpaceSize: 1.00 GB
Initial GC threshold: 21.00 MB
Current GC threshold: 21.00 MB
CDS: on
 - commit_granule_bytes: 65536.
 - commit_granule_words: 8192.
 - virtual_space_node_default_size: 8388608.
 - enlarge_chunks_in_place: 1.
 - use_allocation_guard: 0.


Internal statistics:

num_allocs_failed_limit: 0.
num_arena_births: 150.
num_arena_deaths: 0.
num_vsnodes_births: 2.
num_vsnodes_deaths: 0.
num_space_committed: 113.
num_space_uncommitted: 0.
num_chunks_returned_to_freelist: 0.
num_chunks_taken_from_freelist: 203.
num_chunk_merges: 0.
num_chunk_splits: 117.
num_chunks_enlarged: 40.
num_inconsistent_stats: 0.

CodeHeap 'non-profiled nmethods': size=120064Kb used=493Kb max_used=493Kb free=119570Kb
 bounds [0x0000016d4ccf0000, 0x0000016d4cf60000, 0x0000016d54230000]
CodeHeap 'profiled nmethods': size=120000Kb used=1830Kb max_used=1830Kb free=118169Kb
 bounds [0x0000016d45230000, 0x0000016d454a0000, 0x0000016d4c760000]
CodeHeap 'non-nmethods': size=5696Kb used=1529Kb max_used=1559Kb free=4166Kb
 bounds [0x0000016d4c760000, 0x0000016d4c9d0000, 0x0000016d4ccf0000]
CodeCache: size=245760Kb, used=3852Kb, max_used=3882Kb, free=241905Kb
 total_blobs=2006, nmethods=1392, adapters=520, full_count=0
Compilation: enabled, stopped_count=0, restarted_count=0

Compilation events (20 events):
Event: 4.217 Thread 0x0000016d5bb11340 1378       3       sun.java2d.pipe.BufferedContext::setClip (299 bytes)
Event: 4.218 Thread 0x0000016d5bb11340 nmethod 1378 0x0000016d453f1b88 code [0x0000016d453f1ea0, 0x0000016d453f3188]
Event: 4.224 Thread 0x0000016d5bb11340 1381       3       java.awt.Component::eventEnabled (9 bytes)
Event: 4.224 Thread 0x0000016d5bb11340 nmethod 1381 0x0000016d453f3208 code [0x0000016d453f3320, 0x0000016d453f34f0]
Event: 4.244 Thread 0x0000016d5bb11340 1382       3       java.awt.event.ComponentEvent::getComponent (22 bytes)
Event: 4.245 Thread 0x0000016d5bb11340 nmethod 1382 0x0000016d453f3588 code [0x0000016d453f36c0, 0x0000016d453f39e8]
Event: 4.252 Thread 0x0000016d5bb11340 1383   !   3       java.awt.Window::getInputContext (36 bytes)
Event: 4.252 Thread 0x0000016d5bb11340 nmethod 1383 0x0000016d453f3a08 code [0x0000016d453f3b60, 0x0000016d453f4148]
Event: 4.258 Thread 0x0000016d5bb11340 1384       3       sun.awt.im.InputMethodContext::dispatchEvent (62 bytes)
Event: 4.259 Thread 0x0000016d5bb11340 nmethod 1384 0x0000016d453f4188 code [0x0000016d453f4300, 0x0000016d453f4960]
Event: 4.259 Thread 0x0000016d5bb11340 1385       3       sun.awt.im.InputContext::dispatchEvent (173 bytes)
Event: 4.260 Thread 0x0000016d5bb11340 nmethod 1385 0x0000016d453f4a08 code [0x0000016d453f4d60, 0x0000016d453f7460]
Event: 4.260 Thread 0x0000016d5bb11340 1386       3       sun.awt.windows.WInputMethod::dispatchEvent (66 bytes)
Event: 4.260 Thread 0x0000016d5bb11340 nmethod 1386 0x0000016d453f7588 code [0x0000016d453f7700, 0x0000016d453f7e98]
Event: 4.311 Thread 0x0000016d5bb11340 1387   !   3       sun.java2d.pipe.DrawImage::renderImageCopy (128 bytes)
Event: 4.312 Thread 0x0000016d5bb11340 nmethod 1387 0x0000016d453f7f08 code [0x0000016d453f80e0, 0x0000016d453f8b88]
Event: 4.940 Thread 0x0000016d5bb11340 1388       3       java.util.HashMap$EntryIterator::next (5 bytes)
Event: 4.940 Thread 0x0000016d5bb11340 nmethod 1388 0x0000016d453f8c08 code [0x0000016d453f8d40, 0x0000016d453f8ed8]
Event: 4.940 Thread 0x0000016d5bb11340 1389       3       java.util.HashMap$EntryIterator::next (5 bytes)
Event: 4.941 Thread 0x0000016d5bb11340 nmethod 1389 0x0000016d453f8f08 code [0x0000016d453f9020, 0x0000016d453f9158]

GC Heap History (0 events):
No events

Dll operation events (9 events):
Event: 0.010 Loaded shared library C:\Users\06FLEM\.p2\pool\plugins\org.eclipse.justj.openjdk.hotspot.jre.full.win32.x86_64_23.0.0.v20240919-1706\jre\bin\java.dll
Event: 0.050 Loaded shared library C:\Users\06FLEM\.p2\pool\plugins\org.eclipse.justj.openjdk.hotspot.jre.full.win32.x86_64_23.0.0.v20240919-1706\jre\bin\zip.dll
Event: 0.066 Loaded shared library C:\Users\06FLEM\.p2\pool\plugins\org.eclipse.justj.openjdk.hotspot.jre.full.win32.x86_64_23.0.0.v20240919-1706\jre\bin\net.dll
Event: 0.069 Loaded shared library C:\Users\06FLEM\.p2\pool\plugins\org.eclipse.justj.openjdk.hotspot.jre.full.win32.x86_64_23.0.0.v20240919-1706\jre\bin\nio.dll
Event: 0.072 Loaded shared library C:\Users\06FLEM\.p2\pool\plugins\org.eclipse.justj.openjdk.hotspot.jre.full.win32.x86_64_23.0.0.v20240919-1706\jre\bin\zip.dll
Event: 0.095 Loaded shared library C:\Users\06FLEM\.p2\pool\plugins\org.eclipse.justj.openjdk.hotspot.jre.full.win32.x86_64_23.0.0.v20240919-1706\jre\bin\jimage.dll
Event: 0.122 Loaded shared library C:\Users\06FLEM\.p2\pool\plugins\org.eclipse.justj.openjdk.hotspot.jre.full.win32.x86_64_23.0.0.v20240919-1706\jre\bin\awt.dll
Event: 0.380 Loaded shared library C:\Users\06FLEM\.p2\pool\plugins\org.eclipse.justj.openjdk.hotspot.jre.full.win32.x86_64_23.0.0.v20240919-1706\jre\bin\freetype.dll
Event: 0.381 Loaded shared library C:\Users\06FLEM\.p2\pool\plugins\org.eclipse.justj.openjdk.hotspot.jre.full.win32.x86_64_23.0.0.v20240919-1706\jre\bin\fontmanager.dll

Deoptimization events (20 events):
Event: 0.922 Thread 0x0000016d5cf98a90 DEOPT PACKING pc=0x0000016d45333d0c sp=0x0000004a259ff0c0
Event: 0.922 Thread 0x0000016d5cf98a90 DEOPT UNPACKING pc=0x0000016d4c7b4b22 sp=0x0000004a259fe610 mode 0
Event: 0.997 Thread 0x0000016d5c5ec450 Uncommon trap: trap_request=0xffffff45 fr.pc=0x0000016d4cd3fc3c relative=0x000000000000011c
Event: 0.997 Thread 0x0000016d5c5ec450 Uncommon trap: reason=unstable_if action=reinterpret pc=0x0000016d4cd3fc3c method=java.util.concurrent.locks.AbstractQueuedSynchronizer.signalNext(Ljava/util/concurrent/locks/AbstractQueuedSynchronizer$Node;)V @ 1 c2
Event: 0.997 Thread 0x0000016d5c5ec450 DEOPT PACKING pc=0x0000016d4cd3fc3c sp=0x0000004a253fdd40
Event: 0.997 Thread 0x0000016d5c5ec450 DEOPT UNPACKING pc=0x0000016d4c7b4402 sp=0x0000004a253fdc30 mode 2
Event: 1.011 Thread 0x0000016d5c5ec450 Uncommon trap: trap_request=0xffffff45 fr.pc=0x0000016d4cd32c40 relative=0x0000000000000040
Event: 1.011 Thread 0x0000016d5c5ec450 Uncommon trap: reason=unstable_if action=reinterpret pc=0x0000016d4cd32c40 method=java.util.concurrent.locks.AbstractQueuedSynchronizer.signalNext(Ljava/util/concurrent/locks/AbstractQueuedSynchronizer$Node;)V @ 1 c2
Event: 1.011 Thread 0x0000016d5c5ec450 DEOPT PACKING pc=0x0000016d4cd32c40 sp=0x0000004a253fdd10
Event: 1.011 Thread 0x0000016d5c5ec450 DEOPT UNPACKING pc=0x0000016d4c7b4402 sp=0x0000004a253fdca0 mode 2
Event: 1.018 Thread 0x0000016d5c5ec450 Uncommon trap: trap_request=0xffffff45 fr.pc=0x0000016d4cd2bbd0 relative=0x0000000000000150
Event: 1.018 Thread 0x0000016d5c5ec450 Uncommon trap: reason=unstable_if action=reinterpret pc=0x0000016d4cd2bbd0 method=java.util.concurrent.locks.ReentrantLock$NonfairSync.initialTryLock()Z @ 10 c2
Event: 1.018 Thread 0x0000016d5c5ec450 DEOPT PACKING pc=0x0000016d4cd2bbd0 sp=0x0000004a253fddb0
Event: 1.018 Thread 0x0000016d5c5ec450 DEOPT UNPACKING pc=0x0000016d4c7b4402 sp=0x0000004a253fdd58 mode 2
Event: 1.061 Thread 0x0000016d5cf98a90 DEOPT PACKING pc=0x0000016d45334dc0 sp=0x0000004a259ff060
Event: 1.061 Thread 0x0000016d5cf98a90 DEOPT UNPACKING pc=0x0000016d4c7b4b22 sp=0x0000004a259fe530 mode 0
Event: 1.070 Thread 0x0000016d4138f840 Uncommon trap: trap_request=0xffffff45 fr.pc=0x0000016d4cd32fc4 relative=0x00000000000000c4
Event: 1.070 Thread 0x0000016d4138f840 Uncommon trap: reason=unstable_if action=reinterpret pc=0x0000016d4cd32fc4 method=java.util.concurrent.locks.ReentrantLock$Sync.tryRelease(I)Z @ 26 c2
Event: 1.070 Thread 0x0000016d4138f840 DEOPT PACKING pc=0x0000016d4cd32fc4 sp=0x0000004a23ffeac0
Event: 1.070 Thread 0x0000016d4138f840 DEOPT UNPACKING pc=0x0000016d4c7b4402 sp=0x0000004a23ffea60 mode 2

Classes loaded (20 events):
Event: 1.055 Loading class java/awt/event/InputMethodListener done
Event: 1.055 Loading class java/awt/event/HierarchyListener
Event: 1.055 Loading class java/awt/event/HierarchyListener done
Event: 1.055 Loading class java/awt/event/HierarchyBoundsListener
Event: 1.055 Loading class java/awt/event/HierarchyBoundsListener done
Event: 1.055 Loading class java/awt/event/MouseWheelListener
Event: 1.055 Loading class java/awt/event/MouseWheelListener done
Event: 1.055 Loading class java/awt/AWTEventMulticaster done
Event: 1.069 Loading class java/util/Formatter$FixedString
Event: 1.069 Loading class java/util/Formatter$FixedString done
Event: 1.070 Loading class sun/util/resources/LocaleData$CommonResourceBundleProvider
Event: 1.070 Loading class sun/util/resources/LocaleData$LocaleDataResourceBundleProvider
Event: 1.070 Loading class java/util/spi/ResourceBundleProvider
Event: 1.070 Loading class java/util/spi/ResourceBundleProvider done
Event: 1.070 Loading class sun/util/resources/LocaleData$LocaleDataResourceBundleProvider done
Event: 1.070 Loading class sun/util/resources/LocaleData$CommonResourceBundleProvider done
Event: 1.071 Loading class sun/util/resources/Bundles$2
Event: 1.071 Loading class sun/util/resources/Bundles$2 done
Event: 1.072 Loading class java/lang/InstantiationException
Event: 1.072 Loading class java/lang/InstantiationException done

Classes unloaded (0 events):
No events

Classes redefined (0 events):
No events

Internal exceptions (11 events):
Event: 0.106 Thread 0x0000016d4138f840 Exception <a 'java/lang/ClassNotFoundException'{0x00000007151de998}: sun/awt/resources/spi/awtProvider> (0x00000007151de998) 
thrown [s\src\hotspot\share\classfile\systemDictionary.cpp, line 313]
Event: 0.134 Thread 0x0000016d4138f840 Exception <a 'java/io/FileNotFoundException'{0x0000000714e48440}> (0x0000000714e48440) 
thrown [s\src\hotspot\share\prims\jni.cpp, line 520]
Event: 0.143 Thread 0x0000016d4138f840 Exception <a 'java/io/FileNotFoundException'{0x0000000714e76740}> (0x0000000714e76740) 
thrown [s\src\hotspot\share\prims\jni.cpp, line 520]
Event: 0.319 Thread 0x0000016d5c5f4530 Exception <a 'java/lang/NoSuchMethodError'{0x0000000714c95258}: 'void java.lang.invoke.DirectMethodHandle$Holder.invokeSpecial(java.lang.Object, java.lang.Object, java.lang.Object)'> (0x0000000714c95258) 
thrown [s\src\hotspot\share\interpreter\linkResolver.cpp, line 796]
Event: 0.331 Thread 0x0000016d5c5f4530 Exception <a 'java/lang/NoSuchMethodError'{0x0000000714ce4ac0}: 'java.lang.Object java.lang.invoke.DirectMethodHandle$Holder.invokeStatic(java.lang.Object, int, java.lang.Object)'> (0x0000000714ce4ac0) 
thrown [s\src\hotspot\share\interpreter\linkResolver.cpp, line 796]
Event: 0.351 Thread 0x0000016d5c5f4530 Exception <a 'java/lang/ClassNotFoundException'{0x0000000714d875e0}: com/sun/swing/internal/plaf/metal/resources/spi/metalProvider> (0x0000000714d875e0) 
thrown [s\src\hotspot\share\classfile\systemDictionary.cpp, line 313]
Event: 0.352 Thread 0x0000016d5c5f4530 Exception <a 'java/lang/ClassNotFoundException'{0x0000000714d8c230}: com/sun/swing/internal/plaf/basic/resources/spi/basicProvider> (0x0000000714d8c230) 
thrown [s\src\hotspot\share\classfile\systemDictionary.cpp, line 313]
Event: 0.360 Thread 0x0000016d5c5f4530 Exception <a 'java/lang/NoSuchMethodError'{0x0000000714daeec8}: 'int java.lang.invoke.Invokers$Holder.invokeExact_MT(java.lang.Object, java.lang.Object)'> (0x0000000714daeec8) 
thrown [s\src\hotspot\share\interpreter\linkResolver.cpp, line 796]
Event: 0.367 Thread 0x0000016d5c5ec450 Exception <a 'java/lang/NoSuchMethodError'{0x0000000714f7f278}: 'void java.lang.invoke.DirectMethodHandle$Holder.invokeVirtual(java.lang.Object, java.lang.Object)'> (0x0000000714f7f278) 
thrown [s\src\hotspot\share\interpreter\linkResolver.cpp, line 796]
Event: 0.374 Thread 0x0000016d5c5f4530 Exception <a 'java/lang/NoSuchMethodError'{0x0000000714db6360}: 'void java.lang.invoke.DirectMethodHandle$Holder.invokeStaticInit(java.lang.Object)'> (0x0000000714db6360) 
thrown [s\src\hotspot\share\interpreter\linkResolver.cpp, line 796]
Event: 0.605 Thread 0x0000016d5cf98a90 Exception <a 'java/lang/NoSuchMethodError'{0x00000007148a4ed8}: 'java.lang.Object java.lang.invoke.DirectMethodHandle$Holder.newInvokeSpecial(java.lang.Object, java.lang.Object, java.lang.Object, int, int, int, int, int)'> (0x00000007148a4ed8) 
thrown [s\src\hotspot\share\interpreter\linkResolver.cpp, line 796]

VM Operations (6 events):
Event: 0.073 Executing VM operation: HandshakeAllThreads (Deoptimize)
Event: 0.073 Executing VM operation: HandshakeAllThreads (Deoptimize) done
Event: 0.291 Executing VM operation: HandshakeAllThreads (Deoptimize)
Event: 0.291 Executing VM operation: HandshakeAllThreads (Deoptimize) done
Event: 0.582 Executing VM operation: HandshakeAllThreads (Deoptimize)
Event: 0.582 Executing VM operation: HandshakeAllThreads (Deoptimize) done

Memory protections (0 events):
No events

Nmethod flushes (0 events):
No events

Events (20 events):
Event: 0.035 Thread 0x0000016d4138f840 Thread added: 0x0000016d5bb08a60
Event: 0.035 Thread 0x0000016d4138f840 Thread added: 0x0000016d5bb096c0
Event: 0.036 Thread 0x0000016d4138f840 Thread added: 0x0000016d5bb0c360
Event: 0.036 Thread 0x0000016d4138f840 Thread added: 0x0000016d5bb0e160
Event: 0.036 Thread 0x0000016d4138f840 Thread added: 0x0000016d5bb0ef70
Event: 0.036 Thread 0x0000016d4138f840 Thread added: 0x0000016d5bb0fb00
Event: 0.036 Thread 0x0000016d4138f840 Thread added: 0x0000016d5bb10890
Event: 0.036 Thread 0x0000016d4138f840 Thread added: 0x0000016d5bb11340
Event: 0.048 Thread 0x0000016d4138f840 Thread added: 0x0000016d5c430b30
Event: 0.052 Thread 0x0000016d4138f840 Thread added: 0x0000016d5c4393e0
Event: 0.186 Thread 0x0000016d4138f840 Thread added: 0x0000016d5c5dbb40
Event: 0.187 Thread 0x0000016d4138f840 Thread added: 0x0000016d5c5eb9d0
Event: 0.188 Thread 0x0000016d4138f840 Thread added: 0x0000016d5c5ec450
Event: 0.198 Thread 0x0000016d4138f840 Thread added: 0x0000016d5c5f4530
Event: 0.211 Thread 0x0000016d5c5f4530 Thread added: 0x0000016d5c603d40
Event: 0.549 Thread 0x0000016d4138f840 Thread added: 0x0000016d5cf98a90
Event: 0.573 Thread 0x0000016d5bb11340 Thread added: 0x0000016da8423ee0
Event: 0.601 Thread 0x0000016d5bb11340 Thread added: 0x0000016da8423810
Event: 1.220 Thread 0x0000016da8423810 Thread exited: 0x0000016da8423810
Event: 1.268 Thread 0x0000016da8423ee0 Thread exited: 0x0000016da8423ee0


Dynamic libraries:
0x00007ff772b10000 - 0x00007ff772b1e000 	C:\Users\06FLEM\.p2\pool\plugins\org.eclipse.justj.openjdk.hotspot.jre.full.win32.x86_64_23.0.0.v20240919-1706\jre\bin\javaw.exe
0x00007ff977040000 - 0x00007ff9772a0000 	C:\WINDOWS\SYSTEM32\ntdll.dll
0x00007ff9765e0000 - 0x00007ff9766a7000 	C:\WINDOWS\System32\KERNEL32.DLL
0x00007ff974870000 - 0x00007ff974c3a000 	C:\WINDOWS\System32\KERNELBASE.dll
0x00007ff974430000 - 0x00007ff97457b000 	C:\WINDOWS\System32\ucrtbase.dll
0x00007ff96e140000 - 0x00007ff96e15b000 	C:\Users\06FLEM\.p2\pool\plugins\org.eclipse.justj.openjdk.hotspot.jre.full.win32.x86_64_23.0.0.v20240919-1706\jre\bin\VCRUNTIME140.dll
0x00007ff965e20000 - 0x00007ff965e37000 	C:\Users\06FLEM\.p2\pool\plugins\org.eclipse.justj.openjdk.hotspot.jre.full.win32.x86_64_23.0.0.v20240919-1706\jre\bin\jli.dll
0x00007ff975210000 - 0x00007ff9753dc000 	C:\WINDOWS\System32\USER32.dll
0x00007ff974e10000 - 0x00007ff974e37000 	C:\WINDOWS\System32\win32u.dll
0x00007ff954a60000 - 0x00007ff954cf7000 	C:\WINDOWS\WinSxS\amd64_microsoft.windows.common-controls_6595b64144ccf1df_6.0.26100.3624_none_3e086962e3345f24\COMCTL32.dll
0x00007ff974e40000 - 0x00007ff974e6a000 	C:\WINDOWS\System32\GDI32.dll
0x00007ff976f50000 - 0x00007ff976ff9000 	C:\WINDOWS\System32\msvcrt.dll
0x00007ff974c40000 - 0x00007ff974d71000 	C:\WINDOWS\System32\gdi32full.dll
0x00007ff974220000 - 0x00007ff9742c3000 	C:\WINDOWS\System32\msvcp_win.dll
0x00007ff9766e0000 - 0x00007ff97670f000 	C:\WINDOWS\System32\IMM32.DLL
0x00007ff9700b0000 - 0x00007ff9700bc000 	C:\Users\06FLEM\.p2\pool\plugins\org.eclipse.justj.openjdk.hotspot.jre.full.win32.x86_64_23.0.0.v20240919-1706\jre\bin\vcruntime140_1.dll
0x00007ff953270000 - 0x00007ff9532fe000 	C:\Users\06FLEM\.p2\pool\plugins\org.eclipse.justj.openjdk.hotspot.jre.full.win32.x86_64_23.0.0.v20240919-1706\jre\bin\msvcp140.dll
0x00007ff90c4e0000 - 0x00007ff90d2ad000 	C:\Users\06FLEM\.p2\pool\plugins\org.eclipse.justj.openjdk.hotspot.jre.full.win32.x86_64_23.0.0.v20240919-1706\jre\bin\server\jvm.dll
0x00007ff976dc0000 - 0x00007ff976e72000 	C:\WINDOWS\System32\ADVAPI32.dll
0x00007ff975160000 - 0x00007ff975206000 	C:\WINDOWS\System32\sechost.dll
0x00007ff976b40000 - 0x00007ff976c56000 	C:\WINDOWS\System32\RPCRT4.dll
0x00007ff976560000 - 0x00007ff9765d4000 	C:\WINDOWS\System32\WS2_32.dll
0x00007ff961b10000 - 0x00007ff961b46000 	C:\WINDOWS\SYSTEM32\WINMM.dll
0x00007ff974090000 - 0x00007ff9740ee000 	C:\WINDOWS\SYSTEM32\POWRPROF.dll
0x00007ff96a360000 - 0x00007ff96a36b000 	C:\WINDOWS\SYSTEM32\VERSION.dll
0x00007ff974070000 - 0x00007ff974084000 	C:\WINDOWS\SYSTEM32\UMPDC.dll
0x00007ff972ed0000 - 0x00007ff972eea000 	C:\WINDOWS\SYSTEM32\kernel.appcore.dll
0x00007ff96b490000 - 0x00007ff96b49a000 	C:\Users\06FLEM\.p2\pool\plugins\org.eclipse.justj.openjdk.hotspot.jre.full.win32.x86_64_23.0.0.v20240919-1706\jre\bin\jimage.dll
0x00007ff971740000 - 0x00007ff971981000 	C:\WINDOWS\SYSTEM32\DBGHELP.DLL
0x00007ff9767a0000 - 0x00007ff976b22000 	C:\WINDOWS\System32\combase.dll
0x00007ff976480000 - 0x00007ff976556000 	C:\WINDOWS\System32\OLEAUT32.dll
0x00007ff94ef40000 - 0x00007ff94ef79000 	C:\WINDOWS\SYSTEM32\dbgcore.DLL
0x00007ff974390000 - 0x00007ff974429000 	C:\WINDOWS\System32\bcryptPrimitives.dll
0x00007ff94e280000 - 0x00007ff94e29e000 	C:\Users\06FLEM\.p2\pool\plugins\org.eclipse.justj.openjdk.hotspot.jre.full.win32.x86_64_23.0.0.v20240919-1706\jre\bin\java.dll
0x00007ff976130000 - 0x00007ff9762c6000 	C:\WINDOWS\System32\ole32.dll
0x00007ff975970000 - 0x00007ff976099000 	C:\WINDOWS\System32\SHELL32.dll
0x00007ff974580000 - 0x00007ff9746e8000 	C:\WINDOWS\System32\wintypes.dll
0x00007ff971990000 - 0x00007ff9721e2000 	C:\WINDOWS\SYSTEM32\windows.storage.dll
0x00007ff9753f0000 - 0x00007ff9754dd000 	C:\WINDOWS\System32\SHCORE.dll
0x00007ff9760a0000 - 0x00007ff976104000 	C:\WINDOWS\System32\shlwapi.dll
0x00007ff974130000 - 0x00007ff97415f000 	C:\WINDOWS\SYSTEM32\profapi.dll
0x00007ff94e260000 - 0x00007ff94e277000 	C:\Users\06FLEM\.p2\pool\plugins\org.eclipse.justj.openjdk.hotspot.jre.full.win32.x86_64_23.0.0.v20240919-1706\jre\bin\zip.dll
0x00007ff96b390000 - 0x00007ff96b3a0000 	C:\Users\06FLEM\.p2\pool\plugins\org.eclipse.justj.openjdk.hotspot.jre.full.win32.x86_64_23.0.0.v20240919-1706\jre\bin\net.dll
0x00007ff9734f0000 - 0x00007ff97355a000 	C:\WINDOWS\system32\mswsock.dll
0x00007ff94cfa0000 - 0x00007ff94cfb6000 	C:\Users\06FLEM\.p2\pool\plugins\org.eclipse.justj.openjdk.hotspot.jre.full.win32.x86_64_23.0.0.v20240919-1706\jre\bin\nio.dll
0x00007ff90c350000 - 0x00007ff90c4dd000 	C:\Users\06FLEM\.p2\pool\plugins\org.eclipse.justj.openjdk.hotspot.jre.full.win32.x86_64_23.0.0.v20240919-1706\jre\bin\awt.dll
0x00007ff96e730000 - 0x00007ff96e7cc000 	C:\WINDOWS\SYSTEM32\apphelp.dll
0x00007ff970850000 - 0x00007ff9708fe000 	C:\WINDOWS\system32\uxtheme.dll
0x00007ff976c60000 - 0x00007ff976dbd000 	C:\WINDOWS\System32\MSCTF.dll
0x00007ff94c430000 - 0x00007ff94c53c000 	C:\WINDOWS\system32\opengl32.dll
0x00007ff9659c0000 - 0x00007ff9659ed000 	C:\WINDOWS\SYSTEM32\GLU32.dll
0x00007ff9709a0000 - 0x00007ff9709e7000 	C:\WINDOWS\SYSTEM32\dxcore.dll
0x00007ff970d60000 - 0x00007ff970d96000 	C:\WINDOWS\system32\DWMAPI.DLL
0x00007ff9709f0000 - 0x00007ff970a4e000 	C:\WINDOWS\SYSTEM32\directxdatabasehelper.dll
0x00007ff967160000 - 0x00007ff96717a000 	C:\WINDOWS\SYSTEM32\windows.staterepositorycore.dll
0x00007ff8f7bd0000 - 0x00007ff8f8fce000 	C:\WINDOWS\System32\DriverStore\FileRepository\iigd_dch.inf_amd64_ae2001db843700cc\igxelpicd64.dll
0x00007ff970a60000 - 0x00007ff970b8e000 	C:\WINDOWS\SYSTEM32\dxgi.dll
0x00007ff970390000 - 0x00007ff9703b3000 	C:\WINDOWS\SYSTEM32\d3d12.dll
0x00007ff973d30000 - 0x00007ff973d8f000 	C:\WINDOWS\SYSTEM32\cfgmgr32.dll
0x00007ff90c200000 - 0x00007ff90c347000 	C:\WINDOWS\System32\DriverStore\FileRepository\iigd_dch.inf_amd64_ae2001db843700cc\igdml64.dll
0x00007ff961330000 - 0x00007ff961771000 	C:\WINDOWS\System32\DriverStore\FileRepository\iigd_dch.inf_amd64_ae2001db843700cc\igdgmm64.dll
0x00007ff961850000 - 0x00007ff961875000 	C:\WINDOWS\System32\DriverStore\FileRepository\iigd_dch.inf_amd64_ae2001db843700cc\igc64.dll
0x00007ff95c1e0000 - 0x00007ff960e7c000 	C:\WINDOWS\System32\DriverStore\FileRepository\iigd_dch.inf_amd64_ae2001db843700cc\igc-default64.dll
0x00007ff9531e0000 - 0x00007ff953267000 	C:\Users\06FLEM\.p2\pool\plugins\org.eclipse.justj.openjdk.hotspot.jre.full.win32.x86_64_23.0.0.v20240919-1706\jre\bin\freetype.dll
0x00007ff949c90000 - 0x00007ff949d68000 	C:\Users\06FLEM\.p2\pool\plugins\org.eclipse.justj.openjdk.hotspot.jre.full.win32.x86_64_23.0.0.v20240919-1706\jre\bin\fontmanager.dll
0x00007ff959d10000 - 0x00007ff959e59000 	C:\WINDOWS\SYSTEM32\textinputframework.dll
0x00007ff941c30000 - 0x00007ff941cea000 	C:\WINDOWS\SYSTEM32\winspool.drv

dbghelp: loaded successfully - version: 4.0.5 - missing functions: none
symbol engine: initialized successfully - sym options: 0x614 - pdb path: .;C:\Users\06FLEM\.p2\pool\plugins\org.eclipse.justj.openjdk.hotspot.jre.full.win32.x86_64_23.0.0.v20240919-1706\jre\bin;C:\WINDOWS\SYSTEM32;C:\WINDOWS\WinSxS\amd64_microsoft.windows.common-controls_6595b64144ccf1df_6.0.26100.3624_none_3e086962e3345f24;C:\Users\06FLEM\.p2\pool\plugins\org.eclipse.justj.openjdk.hotspot.jre.full.win32.x86_64_23.0.0.v20240919-1706\jre\bin\server;C:\WINDOWS\System32\DriverStore\FileRepository\iigd_dch.inf_amd64_ae2001db843700cc

VM Arguments:
jvm_args: -Dfile.encoding=UTF-8 -Dstdout.encoding=UTF-8 -Dstderr.encoding=UTF-8 -XX:+ShowCodeDetailsInExceptionMessages 
java_command: solitaire.SolitaireGame
java_class_path (initial): C:\Users\06FLEM\Downloads\eclipse-workspace-20240930T074919Z-001\eclipse-workspace\Gymnasiearbete\bin;C:\Users\06FLEM\Downloads\se.egy.graphics.v7.6.4.jar
Launcher Type: SUN_STANDARD

[Global flags]
     intx CICompilerCount                          = 4                                         {product} {ergonomic}
     uint ConcGCThreads                            = 3                                         {product} {ergonomic}
     uint G1ConcRefinementThreads                  = 10                                        {product} {ergonomic}
   size_t G1HeapRegionSize                         = 2097152                                   {product} {ergonomic}
   size_t InitialHeapSize                          = 264241152                                 {product} {ergonomic}
   size_t MarkStackSize                            = 4194304                                   {product} {ergonomic}
   size_t MarkStackSizeMax                         = 536870912                                 {product} {ergonomic}
   size_t MaxHeapSize                              = 4204789760                                {product} {ergonomic}
   size_t MaxNewSize                               = 2522873856                                {product} {ergonomic}
   size_t MinHeapDeltaBytes                        = 2097152                                   {product} {ergonomic}
   size_t MinHeapSize                              = 8388608                                   {product} {ergonomic}
    uintx NonNMethodCodeHeapSize                   = 5832704                                {pd product} {ergonomic}
    uintx NonProfiledCodeHeapSize                  = 122945536                              {pd product} {ergonomic}
    uintx ProfiledCodeHeapSize                     = 122880000                              {pd product} {ergonomic}
    uintx ReservedCodeCacheSize                    = 251658240                              {pd product} {ergonomic}
     bool SegmentedCodeCache                       = true                                      {product} {ergonomic}
     bool ShowCodeDetailsInExceptionMessages       = true                                   {manageable} {command line}
   size_t SoftMaxHeapSize                          = 4204789760                             {manageable} {ergonomic}
     bool UseCompressedOops                        = true                           {product lp64_product} {ergonomic}
     bool UseG1GC                                  = true                                      {product} {ergonomic}
     bool UseLargePagesIndividualAllocation        = false                                  {pd product} {ergonomic}

Logging:
Log output configuration:
 #0: stdout all=warning uptime,level,tags foldmultilines=false
 #1: stderr all=off uptime,level,tags foldmultilines=false

Environment Variables:
PATH=C:/Users/06FLEM/.p2/pool/plugins/org.eclipse.justj.openjdk.hotspot.jre.full.win32.x86_64_23.0.0.v20240919-1706/jre/bin/server;C:/Users/06FLEM/.p2/pool/plugins/org.eclipse.justj.openjdk.hotspot.jre.full.win32.x86_64_23.0.0.v20240919-1706/jre/bin;C:\WINDOWS\system32;C:\WINDOWS;C:\WINDOWS\System32\Wbem;C:\WINDOWS\System32\WindowsPowerShell\v1.0\;C:\WINDOWS\System32\OpenSSH\;C:\Users\06FLEM\AppData\Local\Microsoft\WindowsApps;;C:\WINDOWS\system32;
USERNAME=06FLEM
OS=Windows_NT
PROCESSOR_IDENTIFIER=Intel64 Family 6 Model 154 Stepping 4, GenuineIntel
TMP=C:\Users\06FLEM\AppData\Local\Temp
TEMP=C:\Users\06FLEM\AppData\Local\Temp




Periodic native trim disabled

---------------  S Y S T E M  ---------------

OS:
 Windows 11 , 64 bit Build 26100 (10.0.26100.3775)
OS uptime: 12 days 8:44 hours
Hyper-V role detected

CPU: total 12 (initial active 12) (6 cores per cpu, 2 threads per core) family 6 model 154 stepping 4 microcode 0x434, cx8, cmov, fxsr, ht, mmx, 3dnowpref, sse, sse2, sse3, ssse3, sse4.1, sse4.2, popcnt, lzcnt, tsc, tscinvbit, avx, avx2, aes, erms, clmul, bmi1, bmi2, adx, sha, fma, vzeroupper, clflush, clflushopt, clwb, hv, serialize, rdtscp, rdpid, fsrm, gfni, f16c, cet_ibt, cet_ss
Processor Information for the first 12 processors :
  Max Mhz: 1000, Current Mhz: 1000, Mhz Limit: 1000

Memory: 4k page, system-wide physical 16032M (8503M free)
TotalPageFile size 17056M (AvailPageFile size 9140M)
current process WorkingSet (physical memory assigned to process): 221M, peak: 222M
current process commit charge ("private bytes"): 463M, peak: 463M

vm_info: OpenJDK 64-Bit Server VM (23+37) for windows-amd64 JRE (23+37), built on 2024-09-17T00:00:00Z with MS VC++ 17.7 (VS2022)

END.
